#
# There is insufficient memory for the Java Runtime Environment to continue.
# Native memory allocation (malloc) failed to allocate 1048576 bytes. Error detail: AllocateHeap
# Possible reasons:
#   The system is out of physical RAM or swap space
#   This process is running with CompressedOops enabled, and the Java Heap may be blocking the growth of the native heap
# Possible solutions:
#   Reduce memory load on the system
#   Increase physical memory or swap space
#   Check if swap backing store is full
#   Decrease Java heap size (-Xmx/-Xms)
#   Decrease number of Java threads
#   Decrease Java thread stack sizes (-Xss)
#   Set larger code cache with -XX:ReservedCodeCacheSize=
#   JVM is running with Unscaled Compressed Oops mode in which the Java heap is
#     placed in the first 4GB address space. The Java Heap base address is the
#     maximum limit for the native heap growth. Please use -XX:HeapBaseMinAddress
#     to set the Java Heap base and to place the Java Heap above 4GB virtual address.
# This output file may be truncated or incomplete.
#
#  Out of Memory Error (allocation.cpp:44), pid=24968, tid=1752
#
# JRE version: OpenJDK Runtime Environment Temurin-21.0.11+10 (21.0.11+10) (build 21.0.11+10-LTS)
# Java VM: OpenJDK 64-Bit Server VM Temurin-21.0.11+10 (21.0.11+10-LTS, mixed mode, sharing, tiered, compressed oops, compressed class ptrs, parallel gc, windows-amd64)
# No core dump will be written. Minidumps are not enabled by default on client versions of Windows
#

---------------  S U M M A R Y ------------

Command Line: --add-modules=ALL-SYSTEM --add-opens=java.base/java.util=ALL-UNNAMED --add-opens=java.base/java.lang=ALL-UNNAMED --add-opens=java.base/sun.nio.fs=ALL-UNNAMED -Declipse.application=org.eclipse.jdt.ls.core.id1 -Dosgi.bundles.defaultStartLevel=4 -Declipse.product=org.eclipse.jdt.ls.core.product -Djava.import.generatesMetadataFilesAtProjectRoot=false -DDetectVMInstallationsJob.disabled=true -Dfile.encoding=utf8 -XX:+UseParallelGC -XX:GCTimeRatio=4 -XX:AdaptiveSizePolicyWeight=90 -Dsun.zip.disableMemoryMapping=true -Xmx2G -Xms100m -Xlog:disable -javaagent:c:\Users\Admin\.vscode\extensions\redhat.java-1.55.0-win32-x64\lombok\lombok-1.18.39-4050.jar -XX:+HeapDumpOnOutOfMemoryError -XX:HeapDumpPath=c:\Users\Admin\AppData\Roaming\Code\User\workspaceStorage\de20c017bd84e05f74bc0d483a7a73d7\redhat.java -Daether.dependencyCollector.impl=bf c:\Users\Admin\.vscode\extensions\redhat.java-1.55.0-win32-x64\server\plugins\org.eclipse.equinox.launcher_1.7.200.v20260619-2039.jar -configuration c:\Users\Admin\AppData\Roaming\Code\User\globalStorage\redhat.java\1.55.0\config_win -data c:\Users\Admin\AppData\Roaming\Code\User\workspaceStorage\de20c017bd84e05f74bc0d483a7a73d7\redhat.java\jdt_ws --pipe=\\.\pipe\lsp-25b114c7a178162dcf7834c062e096b6-sock

Host: AMD Ryzen 5 5600 6-Core Processor              , 12 cores, 15G,  Windows 11 , 64 bit Build 26100 (10.0.26100.8737)
Time: Sun Jul  5 15:24:49 2026 SE Asia Standard Time elapsed time: 584.469313 seconds (0d 0h 9m 44s)

---------------  T H R E A D  ---------------

Current thread (0x000002e5ff9fd470):  JavaThread "Attach Listener" daemon [_thread_in_vm, id=1752, stack(0x000000f5ac100000,0x000000f5ac200000) (1024K)]

Stack: [0x000000f5ac100000,0x000000f5ac200000]
Native frames: (J=compiled Java code, j=interpreted, Vv=VM code, C=native code)
V  [jvm.dll+0x6d7e19]
V  [jvm.dll+0x8b5096]
V  [jvm.dll+0x8b764e]
V  [jvm.dll+0x8b7d33]
V  [jvm.dll+0x284596]
V  [jvm.dll+0xc13c7]
V  [jvm.dll+0x6d86c9]
V  [jvm.dll+0x133616]
V  [jvm.dll+0x3f868e]
V  [jvm.dll+0x85fb0d]
V  [jvm.dll+0x6d664d]
C  [ucrtbase.dll+0x2cd30]
C  [KERNEL32.DLL+0x2e957]
C  [ntdll.dll+0xaad6c]


---------------  P R O C E S S  ---------------

Threads class SMR info:
_java_thread_list=0x000002e5e332f5c0, length=42, elements={
0x000002e5ff94e8e0, 0x000002e597b4d110, 0x000002e5ff9f1e30, 0x000002e5ff9fa500,
0x000002e5ff9fd470, 0x000002e5ff9fed30, 0x000002e5ffa09700, 0x000002e5da013f70,
0x000002e5da015190, 0x000002e5ffa089e0, 0x000002e5ffa08350, 0x000002e5ffa07cc0,
0x000002e5ffa0a420, 0x000002e5ffa07630, 0x000002e5ffa09070, 0x000002e5ffa0aab0,
0x000002e5ffa09d90, 0x000002e5df5d87d0, 0x000002e5df5d94f0, 0x000002e5df5d8140,
0x000002e5df5d7420, 0x000002e5df5d6700, 0x000002e5df5dc2e0, 0x000002e5df5dc970,
0x000002e5df5dd000, 0x000002e5df5daf30, 0x000002e5df5da8a0, 0x000002e5df5db5c0,
0x000002e5df5dbc50, 0x000002e5df5d9b80, 0x000002e5df5dd690, 0x000002e5df5da210,
0x000002e5e156d660, 0x000002e5e156b590, 0x000002e5e156dcf0, 0x000002e5e156cfd0,
0x000002e5e156bc20, 0x000002e5e156f0a0, 0x000002e5e1571800, 0x000002e5e1570450,
0x000002e5e28934b0, 0x000002e5e2892100
}

Java Threads: ( => current thread )
  0x000002e5ff94e8e0 JavaThread "main"                              [_thread_blocked, id=10692, stack(0x000000f5aba00000,0x000000f5abb00000) (1024K)]
  0x000002e597b4d110 JavaThread "Reference Handler"          daemon [_thread_blocked, id=26820, stack(0x000000f5abe00000,0x000000f5abf00000) (1024K)]
  0x000002e5ff9f1e30 JavaThread "Finalizer"                  daemon [_thread_blocked, id=1744, stack(0x000000f5abf00000,0x000000f5ac000000) (1024K)]
  0x000002e5ff9fa500 JavaThread "Signal Dispatcher"          daemon [_thread_blocked, id=19964, stack(0x000000f5ac000000,0x000000f5ac100000) (1024K)]
=>0x000002e5ff9fd470 JavaThread "Attach Listener"            daemon [_thread_in_vm, id=1752, stack(0x000000f5ac100000,0x000000f5ac200000) (1024K)]
  0x000002e5ff9fed30 JavaThread "Service Thread"             daemon [_thread_blocked, id=19764, stack(0x000000f5ac200000,0x000000f5ac300000) (1024K)]
  0x000002e5ffa09700 JavaThread "Monitor Deflation Thread"   daemon [_thread_blocked, id=18112, stack(0x000000f5ac300000,0x000000f5ac400000) (1024K)]
  0x000002e5da013f70 JavaThread "C2 CompilerThread0"         daemon [_thread_blocked, id=7940, stack(0x000000f5ac400000,0x000000f5ac500000) (1024K)]
  0x000002e5da015190 JavaThread "C1 CompilerThread0"         daemon [_thread_blocked, id=21936, stack(0x000000f5ac500000,0x000000f5ac600000) (1024K)]
  0x000002e5ffa089e0 JavaThread "Common-Cleaner"             daemon [_thread_blocked, id=25476, stack(0x000000f5ac700000,0x000000f5ac800000) (1024K)]
  0x000002e5ffa08350 JavaThread "Notification Thread"        daemon [_thread_blocked, id=22064, stack(0x000000f5ac800000,0x000000f5ac900000) (1024K)]
  0x000002e5ffa07cc0 JavaThread "Active Thread: Equinox Container: 0cb2637b-3e99-4ac7-9bd3-5772ce89d818"        [_thread_blocked, id=26040, stack(0x000000f5ad000000,0x000000f5ad100000) (1024K)]
  0x000002e5ffa0a420 JavaThread "Refresh Thread: Equinox Container: 0cb2637b-3e99-4ac7-9bd3-5772ce89d818" daemon [_thread_blocked, id=2616, stack(0x000000f5ac900000,0x000000f5aca00000) (1024K)]
  0x000002e5ffa07630 JavaThread "Framework Event Dispatcher: Equinox Container: 0cb2637b-3e99-4ac7-9bd3-5772ce89d818" daemon [_thread_blocked, id=8468, stack(0x000000f5ad100000,0x000000f5ad200000) (1024K)]
  0x000002e5ffa09070 JavaThread "Start Level: Equinox Container: 0cb2637b-3e99-4ac7-9bd3-5772ce89d818" daemon [_thread_blocked, id=17276, stack(0x000000f5ad200000,0x000000f5ad300000) (1024K)]
  0x000002e5ffa0aab0 JavaThread "Bundle File Closer"         daemon [_thread_blocked, id=1192, stack(0x000000f5ad300000,0x000000f5ad400000) (1024K)]
  0x000002e5ffa09d90 JavaThread "SCR Component Actor"        daemon [_thread_blocked, id=27860, stack(0x000000f5ad600000,0x000000f5ad700000) (1024K)]
  0x000002e5df5d87d0 JavaThread "Worker-JM"                         [_thread_blocked, id=24784, stack(0x000000f5ad900000,0x000000f5ada00000) (1024K)]
  0x000002e5df5d94f0 JavaThread "JNA Cleaner"                daemon [_thread_blocked, id=7232, stack(0x000000f5ada00000,0x000000f5adb00000) (1024K)]
  0x000002e5df5d8140 JavaThread "Worker-0"                          [_thread_blocked, id=25800, stack(0x000000f5adb00000,0x000000f5adc00000) (1024K)]
  0x000002e5df5d7420 JavaThread "Java indexing"              daemon [_thread_blocked, id=24056, stack(0x000000f5ad800000,0x000000f5ad900000) (1024K)]
  0x000002e5df5d6700 JavaThread "Thread-1"                   daemon [_thread_in_native, id=18608, stack(0x000000f5ae300000,0x000000f5ae400000) (1024K)]
  0x000002e5df5dc2e0 JavaThread "Thread-2"                   daemon [_thread_in_native, id=26292, stack(0x000000f5ae400000,0x000000f5ae500000) (1024K)]
  0x000002e5df5dc970 JavaThread "Thread-3"                   daemon [_thread_in_native, id=27832, stack(0x000000f5ae500000,0x000000f5ae600000) (1024K)]
  0x000002e5df5dd000 JavaThread "Thread-4"                   daemon [_thread_in_native, id=24812, stack(0x000000f5ae600000,0x000000f5ae700000) (1024K)]
  0x000002e5df5daf30 JavaThread "Thread-5"                   daemon [_thread_in_native, id=6352, stack(0x000000f5ae700000,0x000000f5ae800000) (1024K)]
  0x000002e5df5da8a0 JavaThread "Thread-6"                   daemon [_thread_in_native, id=27488, stack(0x000000f5ae800000,0x000000f5ae900000) (1024K)]
  0x000002e5df5db5c0 JavaThread "Thread-7"                   daemon [_thread_in_native, id=23500, stack(0x000000f5ae900000,0x000000f5aea00000) (1024K)]
  0x000002e5df5dbc50 JavaThread "Thread-8"                   daemon [_thread_in_native, id=27152, stack(0x000000f5aea00000,0x000000f5aeb00000) (1024K)]
  0x000002e5df5d9b80 JavaThread "Thread-9"                   daemon [_thread_in_native, id=25396, stack(0x000000f5aeb00000,0x000000f5aec00000) (1024K)]
  0x000002e5df5dd690 JavaThread "Thread-10"                  daemon [_thread_in_native, id=23348, stack(0x000000f5aec00000,0x000000f5aed00000) (1024K)]
  0x000002e5df5da210 JavaThread "Thread-11"                  daemon [_thread_in_native, id=8104, stack(0x000000f5aed00000,0x000000f5aee00000) (1024K)]
  0x000002e5e156d660 JavaThread "Thread-12"                  daemon [_thread_in_native, id=4372, stack(0x000000f5aee00000,0x000000f5aef00000) (1024K)]
  0x000002e5e156b590 JavaThread "Thread-13"                  daemon [_thread_in_native, id=25000, stack(0x000000f5aef00000,0x000000f5af000000) (1024K)]
  0x000002e5e156dcf0 JavaThread "pool-2-thread-1"                   [_thread_blocked, id=7652, stack(0x000000f5af000000,0x000000f5af100000) (1024K)]
  0x000002e5e156cfd0 JavaThread "WorkspaceEventsHandler"            [_thread_blocked, id=22256, stack(0x000000f5af200000,0x000000f5af300000) (1024K)]
  0x000002e5e156bc20 JavaThread "pool-1-thread-1"                   [_thread_blocked, id=22464, stack(0x000000f5af300000,0x000000f5af400000) (1024K)]
  0x000002e5e156f0a0 JavaThread "LocalFile Deleter"          daemon [_thread_blocked, id=9212, stack(0x000000f5af700000,0x000000f5af800000) (1024K)]
  0x000002e5e1571800 JavaThread "LocalFile Deleter"          daemon [_thread_blocked, id=11348, stack(0x000000f5afd00000,0x000000f5afe00000) (1024K)]
  0x000002e5e1570450 JavaThread "LocalFile Deleter"          daemon [_thread_blocked, id=28496, stack(0x000000f5afe00000,0x000000f5aff00000) (1024K)]
  0x000002e5e28934b0 JavaThread "Worker-5"                          [_thread_blocked, id=26800, stack(0x000000f5b1500000,0x000000f5b1600000) (1024K)]
  0x000002e5e2892100 JavaThread "PatternSearchJob-worker-1"  daemon [_thread_blocked, id=5196, stack(0x000000f5b1600000,0x000000f5b1700000) (1024K)]
Total: 42

Other Threads:
  0x000002e597b34be0 VMThread "VM Thread"                           [id=3104, stack(0x000000f5abd00000,0x000000f5abe00000) (1024K)]
  0x000002e597a2ca00 WatcherThread "VM Periodic Task Thread"        [id=23492, stack(0x000000f5abc00000,0x000000f5abd00000) (1024K)]
  0x000002e5ff96cd70 WorkerThread "GC Thread#0"                     [id=16320, stack(0x000000f5abb00000,0x000000f5abc00000) (1024K)]
  0x000002e5df7d9210 WorkerThread "GC Thread#1"                     [id=24448, stack(0x000000f5aca00000,0x000000f5acb00000) (1024K)]
  0x000002e5df7d95c0 WorkerThread "GC Thread#2"                     [id=27264, stack(0x000000f5acb00000,0x000000f5acc00000) (1024K)]
  0x000002e5df7d8350 WorkerThread "GC Thread#3"                     [id=2120, stack(0x000000f5acc00000,0x000000f5acd00000) (1024K)]
  0x000002e5df7d9970 WorkerThread "GC Thread#4"                     [id=28404, stack(0x000000f5acd00000,0x000000f5ace00000) (1024K)]
  0x000002e5df7d7fa0 WorkerThread "GC Thread#5"                     [id=27200, stack(0x000000f5ace00000,0x000000f5acf00000) (1024K)]
  0x000002e5df7d8700 WorkerThread "GC Thread#6"                     [id=25840, stack(0x000000f5acf00000,0x000000f5ad000000) (1024K)]
  0x000002e5dfaf0660 WorkerThread "GC Thread#7"                     [id=26484, stack(0x000000f5ac600000,0x000000f5ac700000) (1024K)]
  0x000002e5dfaf0dc0 WorkerThread "GC Thread#8"                     [id=11016, stack(0x000000f5ad400000,0x000000f5ad500000) (1024K)]
  0x000002e5dfaee180 WorkerThread "GC Thread#9"                     [id=28480, stack(0x000000f5ad500000,0x000000f5ad600000) (1024K)]
Total: 12

Threads with active compile tasks:
Total: 0

VM state: not at safepoint (normal execution)

VM Mutex/Monitor currently owned by a thread: None

Heap address: 0x0000000080000000, size: 2048 MB, Compressed Oops mode: 32-bit

CDS archive(s) mapped at: [0x000002e598000000-0x000002e598ba0000-0x000002e598ba0000), size 12189696, SharedBaseAddress: 0x000002e598000000, ArchiveRelocationMode: 1.
Compressed class space mapped at: 0x000002e599000000-0x000002e5d9000000, reserved size: 1073741824
Narrow klass base: 0x000002e598000000, Narrow klass shift: 0, Narrow klass range: 0x100000000

GC Precious Log:
 CardTable entry size: 512
 CPUs: 12 total, 12 available
 Memory: 16309M
 Large Page Support: Disabled
 NUMA Support: Disabled
 Compressed Oops: Enabled (32-bit)
 Alignments: Space 512K, Generation 512K, Heap 2M
 Heap Min Capacity: 100M
 Heap Initial Capacity: 100M
 Heap Max Capacity: 2G
 Pre-touch: Disabled
 Parallel Workers: 10

Heap:
 PSYoungGen      total 4608K, used 2430K [0x00000000d5580000, 0x00000000d5c80000, 0x0000000100000000)
  eden space 2560K, 73% used [0x00000000d5580000,0x00000000d5757a10,0x00000000d5800000)
  from space 2048K, 26% used [0x00000000d5980000,0x00000000d5a08000,0x00000000d5b80000)
  to   space 1024K, 0% used [0x00000000d5b80000,0x00000000d5b80000,0x00000000d5c80000)
 ParOldGen       total 394752K, used 394572K [0x0000000080000000, 0x0000000098180000, 0x00000000d5580000)
  object space 394752K, 99% used [0x0000000080000000,0x00000000981531a0,0x0000000098180000)
 Metaspace       used 59307K, committed 60800K, reserved 1114112K
  class space    used 6317K, committed 6976K, reserved 1048576K

Card table byte_map: [0x000002e5ff2f0000,0x000002e5ff700000] _byte_map_base: 0x000002e5feef0000

Marking Bits: (ParMarkBitMap*) 0x00007ff857a54460
 Begin Bits: [0x000002e593550000, 0x000002e595550000)
 End Bits:   [0x000002e595550000, 0x000002e597550000)

Polling page: 0x000002e5fef20000

Metaspace:

Usage:
  Non-class:     51.75 MB used.
      Class:      6.17 MB used.
       Both:     57.92 MB used.

Virtual space:
  Non-class space:       64.00 MB reserved,      52.56 MB ( 82%) committed,  1 nodes.
      Class space:        1.00 GB reserved,       6.81 MB ( <1%) committed,  1 nodes.
             Both:        1.06 GB reserved,      59.38 MB (  5%) committed. 

Chunk freelists:
   Non-Class:  10.98 MB
       Class:  9.05 MB
        Both:  20.04 MB

MaxMetaspaceSize: unlimited
CompressedClassSpaceSize: 1.00 GB
Initial GC threshold: 21.00 MB
Current GC threshold: 97.31 MB
CDS: on
 - commit_granule_bytes: 65536.
 - commit_granule_words: 8192.
 - virtual_space_node_default_size: 8388608.
 - enlarge_chunks_in_place: 1.
 - use_allocation_guard: 0.


Internal statistics:

num_allocs_failed_limit: 9.
num_arena_births: 1116.
num_arena_deaths: 14.
num_vsnodes_births: 2.
num_vsnodes_deaths: 0.
num_space_committed: 950.
num_space_uncommitted: 0.
num_chunks_returned_to_freelist: 23.
num_chunks_taken_from_freelist: 3993.
num_chunk_merges: 12.
num_chunk_splits: 2383.
num_chunks_enlarged: 1297.
num_inconsistent_stats: 0.

CodeHeap 'non-profiled nmethods': size=120000Kb used=7331Kb max_used=7331Kb free=112668Kb
 bounds [0x000002e58c020000, 0x000002e58c750000, 0x000002e593550000]
CodeHeap 'profiled nmethods': size=120000Kb used=22507Kb max_used=22507Kb free=97493Kb
 bounds [0x000002e584550000, 0x000002e585b50000, 0x000002e58ba80000]
CodeHeap 'non-nmethods': size=5760Kb used=1425Kb max_used=1556Kb free=4334Kb
 bounds [0x000002e58ba80000, 0x000002e58bcf0000, 0x000002e58c020000]
CodeCache: size=245760Kb, used=31263Kb, max_used=31394Kb, free=214495Kb
 total_blobs=10588, nmethods=9852, adapters=641, full_count=0
Compilation: enabled, stopped_count=0, restarted_count=0

Compilation events (20 events):
Event: 312.032 Thread 0x000002e5da015190 10628       1       com.google.gson.FormattingStyle::usesSpaceAfterSeparators (5 bytes)
Event: 312.032 Thread 0x000002e5da015190 nmethod 10628 0x000002e58c748090 code [0x000002e58c748220, 0x000002e58c7482f0]
Event: 312.032 Thread 0x000002e5da015190 10629       1       com.google.gson.FormattingStyle::getNewline (5 bytes)
Event: 312.032 Thread 0x000002e5da015190 nmethod 10629 0x000002e58c748390 code [0x000002e58c748520, 0x000002e58c7485e8]
Event: 312.032 Thread 0x000002e5da015190 10630       1       org.eclipse.lsp4j.jsonrpc.messages.Either::getLeft (5 bytes)
Event: 312.032 Thread 0x000002e5da015190 nmethod 10630 0x000002e58c748690 code [0x000002e58c748820, 0x000002e58c7488e8]
Event: 314.040 Thread 0x000002e5da015190 10631       3       jdk.internal.misc.Unsafe::freeMemoryChecks (7 bytes)
Event: 314.041 Thread 0x000002e5da015190 nmethod 10631 0x000002e585b4ab90 code [0x000002e585b4ad40, 0x000002e585b4af40]
Event: 314.041 Thread 0x000002e5da015190 10632       3       jdk.internal.misc.Unsafe::freeMemory (18 bytes)
Event: 314.041 Thread 0x000002e5da015190 nmethod 10632 0x000002e585b4b010 code [0x000002e585b4b1e0, 0x000002e585b4b4c0]
Event: 314.056 Thread 0x000002e5da015190 10633       3       java.util.IdentityHashMap$IdentityHashMapIterator::<init> (63 bytes)
Event: 314.056 Thread 0x000002e5da015190 nmethod 10633 0x000002e585b4b610 code [0x000002e585b4b7c0, 0x000002e585b4b9e0]
Event: 314.557 Thread 0x000002e5da013f70 10634       4       jdk.internal.misc.Unsafe::putReferenceOpaque (9 bytes)
Event: 314.557 Thread 0x000002e5da013f70 nmethod 10634 0x000002e58c748990 code [0x000002e58c748b20, 0x000002e58c748bd0]
Event: 552.815 Thread 0x000002e5da015190 10635       3       java.util.concurrent.ThreadPoolExecutor::isShutdown (12 bytes)
Event: 552.816 Thread 0x000002e5da015190 nmethod 10635 0x000002e585b4bb10 code [0x000002e585b4bcc0, 0x000002e585b4bea0]
Event: 572.832 Thread 0x000002e5da015190 10636       3       java.util.concurrent.ScheduledThreadPoolExecutor::canRunInCurrentRunState (61 bytes)
Event: 572.833 Thread 0x000002e5da015190 nmethod 10636 0x000002e585b4bf90 code [0x000002e585b4c1a0, 0x000002e585b4c950]
Event: 572.833 Thread 0x000002e5da015190 10637       3       java.util.concurrent.locks.ReentrantLock::lockInterruptibly (8 bytes)
Event: 572.833 Thread 0x000002e5da015190 nmethod 10637 0x000002e585b4cb90 code [0x000002e585b4cda0, 0x000002e585b4d328]

GC Heap History (20 events):
Event: 19.868 GC heap before
{Heap before GC invocations=303 (full 3):
 PSYoungGen      total 4096K, used 3952K [0x00000000d5580000, 0x00000000d5c00000, 0x0000000100000000)
  eden space 2048K, 100% used [0x00000000d5580000,0x00000000d5780000,0x00000000d5780000)
  from space 2048K, 92% used [0x00000000d5780000,0x00000000d595c090,0x00000000d5980000)
  to   space 2048K, 0% used [0x00000000d5a00000,0x00000000d5a00000,0x00000000d5c00000)
 ParOldGen       total 383488K, used 383333K [0x0000000080000000, 0x0000000097680000, 0x00000000d5580000)
  object space 383488K, 99% used [0x0000000080000000,0x0000000097659578,0x0000000097680000)
 Metaspace       used 58557K, committed 59968K, reserved 1114112K
  class space    used 6247K, committed 6848K, reserved 1048576K
}
Event: 19.870 GC heap after
{Heap after GC invocations=303 (full 3):
 PSYoungGen      total 2560K, used 2048K [0x00000000d5580000, 0x00000000d6100000, 0x0000000100000000)
  eden space 512K, 0% used [0x00000000d5580000,0x00000000d5580000,0x00000000d5600000)
  from space 2048K, 100% used [0x00000000d5a00000,0x00000000d5c00000,0x00000000d5c00000)
  to   space 4096K, 0% used [0x00000000d5600000,0x00000000d5600000,0x00000000d5a00000)
 ParOldGen       total 385536K, used 385197K [0x0000000080000000, 0x0000000097880000, 0x00000000d5580000)
  object space 385536K, 99% used [0x0000000080000000,0x000000009782b608,0x0000000097880000)
 Metaspace       used 58557K, committed 59968K, reserved 1114112K
  class space    used 6247K, committed 6848K, reserved 1048576K
}
Event: 19.872 GC heap before
{Heap before GC invocations=304 (full 3):
 PSYoungGen      total 2560K, used 2476K [0x00000000d5580000, 0x00000000d6100000, 0x0000000100000000)
  eden space 512K, 83% used [0x00000000d5580000,0x00000000d55eb380,0x00000000d5600000)
  from space 2048K, 100% used [0x00000000d5a00000,0x00000000d5c00000,0x00000000d5c00000)
  to   space 4096K, 0% used [0x00000000d5600000,0x00000000d5600000,0x00000000d5a00000)
 ParOldGen       total 385536K, used 385197K [0x0000000080000000, 0x0000000097880000, 0x00000000d5580000)
  object space 385536K, 99% used [0x0000000080000000,0x000000009782b608,0x0000000097880000)
 Metaspace       used 58557K, committed 59968K, reserved 1114112K
  class space    used 6247K, committed 6848K, reserved 1048576K
}
Event: 19.874 GC heap after
{Heap after GC invocations=304 (full 3):
 PSYoungGen      total 1536K, used 583K [0x00000000d5580000, 0x00000000d5a80000, 0x0000000100000000)
  eden space 512K, 0% used [0x00000000d5580000,0x00000000d5580000,0x00000000d5600000)
  from space 1024K, 56% used [0x00000000d5600000,0x00000000d5691d38,0x00000000d5700000)
  to   space 2048K, 0% used [0x00000000d5880000,0x00000000d5880000,0x00000000d5a80000)
 ParOldGen       total 387584K, used 387237K [0x0000000080000000, 0x0000000097a80000, 0x00000000d5580000)
  object space 387584K, 99% used [0x0000000080000000,0x0000000097a29608,0x0000000097a80000)
 Metaspace       used 58557K, committed 59968K, reserved 1114112K
  class space    used 6247K, committed 6848K, reserved 1048576K
}
Event: 19.875 GC heap before
{Heap before GC invocations=305 (full 3):
 PSYoungGen      total 1536K, used 1095K [0x00000000d5580000, 0x00000000d5a80000, 0x0000000100000000)
  eden space 512K, 100% used [0x00000000d5580000,0x00000000d5600000,0x00000000d5600000)
  from space 1024K, 56% used [0x00000000d5600000,0x00000000d5691d38,0x00000000d5700000)
  to   space 2048K, 0% used [0x00000000d5880000,0x00000000d5880000,0x00000000d5a80000)
 ParOldGen       total 387584K, used 387237K [0x0000000080000000, 0x0000000097a80000, 0x00000000d5580000)
  object space 387584K, 99% used [0x0000000080000000,0x0000000097a29608,0x0000000097a80000)
 Metaspace       used 58565K, committed 59968K, reserved 1114112K
  class space    used 6247K, committed 6848K, reserved 1048576K
}
Event: 19.876 GC heap after
{Heap after GC invocations=305 (full 3):
 PSYoungGen      total 2048K, used 537K [0x00000000d5580000, 0x00000000d5980000, 0x0000000100000000)
  eden space 1024K, 0% used [0x00000000d5580000,0x00000000d5580000,0x00000000d5680000)
  from space 1024K, 52% used [0x00000000d5880000,0x00000000d5906610,0x00000000d5980000)
  to   space 1024K, 0% used [0x00000000d5780000,0x00000000d5780000,0x00000000d5880000)
 ParOldGen       total 388096K, used 387689K [0x0000000080000000, 0x0000000097b00000, 0x00000000d5580000)
  object space 388096K, 99% used [0x0000000080000000,0x0000000097a9a5d0,0x0000000097b00000)
 Metaspace       used 58565K, committed 59968K, reserved 1114112K
  class space    used 6247K, committed 6848K, reserved 1048576K
}
Event: 19.879 GC heap before
{Heap before GC invocations=306 (full 3):
 PSYoungGen      total 2048K, used 1561K [0x00000000d5580000, 0x00000000d5980000, 0x0000000100000000)
  eden space 1024K, 100% used [0x00000000d5580000,0x00000000d5680000,0x00000000d5680000)
  from space 1024K, 52% used [0x00000000d5880000,0x00000000d5906610,0x00000000d5980000)
  to   space 1024K, 0% used [0x00000000d5780000,0x00000000d5780000,0x00000000d5880000)
 ParOldGen       total 388096K, used 387689K [0x0000000080000000, 0x0000000097b00000, 0x00000000d5580000)
  object space 388096K, 99% used [0x0000000080000000,0x0000000097a9a5d0,0x0000000097b00000)
 Metaspace       used 58573K, committed 59968K, reserved 1114112K
  class space    used 6247K, committed 6848K, reserved 1048576K
}
Event: 19.881 GC heap after
{Heap after GC invocations=306 (full 3):
 PSYoungGen      total 2560K, used 1008K [0x00000000d5580000, 0x00000000d5b00000, 0x0000000100000000)
  eden space 1536K, 0% used [0x00000000d5580000,0x00000000d5580000,0x00000000d5700000)
  from space 1024K, 98% used [0x00000000d5780000,0x00000000d587c1c0,0x00000000d5880000)
  to   space 2048K, 0% used [0x00000000d5900000,0x00000000d5900000,0x00000000d5b00000)
 ParOldGen       total 388608K, used 388242K [0x0000000080000000, 0x0000000097b80000, 0x00000000d5580000)
  object space 388608K, 99% used [0x0000000080000000,0x0000000097b24be0,0x0000000097b80000)
 Metaspace       used 58573K, committed 59968K, reserved 1114112K
  class space    used 6247K, committed 6848K, reserved 1048576K
}
Event: 19.892 GC heap before
{Heap before GC invocations=307 (full 3):
 PSYoungGen      total 2560K, used 2492K [0x00000000d5580000, 0x00000000d5b00000, 0x0000000100000000)
  eden space 1536K, 96% used [0x00000000d5580000,0x00000000d56f2f98,0x00000000d5700000)
  from space 1024K, 98% used [0x00000000d5780000,0x00000000d587c1c0,0x00000000d5880000)
  to   space 2048K, 0% used [0x00000000d5900000,0x00000000d5900000,0x00000000d5b00000)
 ParOldGen       total 388608K, used 388242K [0x0000000080000000, 0x0000000097b80000, 0x00000000d5580000)
  object space 388608K, 99% used [0x0000000080000000,0x0000000097b24be0,0x0000000097b80000)
 Metaspace       used 58573K, committed 59968K, reserved 1114112K
  class space    used 6247K, committed 6848K, reserved 1048576K
}
Event: 19.895 GC heap after
{Heap after GC invocations=307 (full 3):
 PSYoungGen      total 3584K, used 1105K [0x00000000d5580000, 0x00000000d5a80000, 0x0000000100000000)
  eden space 2048K, 0% used [0x00000000d5580000,0x00000000d5580000,0x00000000d5780000)
  from space 1536K, 71% used [0x00000000d5900000,0x00000000d5a14520,0x00000000d5a80000)
  to   space 1536K, 0% used [0x00000000d5780000,0x00000000d5780000,0x00000000d5900000)
 ParOldGen       total 389632K, used 389178K [0x0000000080000000, 0x0000000097c80000, 0x00000000d5580000)
  object space 389632K, 99% used [0x0000000080000000,0x0000000097c0ebe0,0x0000000097c80000)
 Metaspace       used 58573K, committed 59968K, reserved 1114112K
  class space    used 6247K, committed 6848K, reserved 1048576K
}
Event: 19.916 GC heap before
{Heap before GC invocations=308 (full 3):
 PSYoungGen      total 3584K, used 3149K [0x00000000d5580000, 0x00000000d5a80000, 0x0000000100000000)
  eden space 2048K, 99% used [0x00000000d5580000,0x00000000d577f250,0x00000000d5780000)
  from space 1536K, 71% used [0x00000000d5900000,0x00000000d5a14520,0x00000000d5a80000)
  to   space 1536K, 0% used [0x00000000d5780000,0x00000000d5780000,0x00000000d5900000)
 ParOldGen       total 389632K, used 389214K [0x0000000080000000, 0x0000000097c80000, 0x00000000d5580000)
  object space 389632K, 99% used [0x0000000080000000,0x0000000097c17968,0x0000000097c80000)
 Metaspace       used 58632K, committed 59968K, reserved 1114112K
  class space    used 6258K, committed 6848K, reserved 1048576K
}
Event: 19.917 GC heap after
{Heap after GC invocations=308 (full 3):
 PSYoungGen      total 3584K, used 1190K [0x00000000d5580000, 0x00000000d5a80000, 0x0000000100000000)
  eden space 2048K, 0% used [0x00000000d5580000,0x00000000d5580000,0x00000000d5780000)
  from space 1536K, 77% used [0x00000000d5780000,0x00000000d58a9b28,0x00000000d5900000)
  to   space 1536K, 0% used [0x00000000d5900000,0x00000000d5900000,0x00000000d5a80000)
 ParOldGen       total 390144K, used 389863K [0x0000000080000000, 0x0000000097d00000, 0x00000000d5580000)
  object space 390144K, 99% used [0x0000000080000000,0x0000000097cb9e78,0x0000000097d00000)
 Metaspace       used 58632K, committed 59968K, reserved 1114112K
  class space    used 6258K, committed 6848K, reserved 1048576K
}
Event: 19.927 GC heap before
{Heap before GC invocations=309 (full 3):
 PSYoungGen      total 3584K, used 3238K [0x00000000d5580000, 0x00000000d5a80000, 0x0000000100000000)
  eden space 2048K, 100% used [0x00000000d5580000,0x00000000d5780000,0x00000000d5780000)
  from space 1536K, 77% used [0x00000000d5780000,0x00000000d58a9b28,0x00000000d5900000)
  to   space 1536K, 0% used [0x00000000d5900000,0x00000000d5900000,0x00000000d5a80000)
 ParOldGen       total 390144K, used 389867K [0x0000000080000000, 0x0000000097d00000, 0x00000000d5580000)
  object space 390144K, 99% used [0x0000000080000000,0x0000000097cbae50,0x0000000097d00000)
 Metaspace       used 58804K, committed 60288K, reserved 1114112K
  class space    used 6276K, committed 6912K, reserved 1048576K
}
Event: 19.928 GC heap after
{Heap after GC invocations=309 (full 3):
 PSYoungGen      total 3584K, used 834K [0x00000000d5580000, 0x00000000d5a00000, 0x0000000100000000)
  eden space 2560K, 0% used [0x00000000d5580000,0x00000000d5580000,0x00000000d5800000)
  from space 1024K, 81% used [0x00000000d5900000,0x00000000d59d08e0,0x00000000d5a00000)
  to   space 1024K, 0% used [0x00000000d5800000,0x00000000d5800000,0x00000000d5900000)
 ParOldGen       total 391168K, used 390786K [0x0000000080000000, 0x0000000097e00000, 0x00000000d5580000)
  object space 391168K, 99% used [0x0000000080000000,0x0000000097da08c0,0x0000000097e00000)
 Metaspace       used 58804K, committed 60288K, reserved 1114112K
  class space    used 6276K, committed 6912K, reserved 1048576K
}
Event: 19.937 GC heap before
{Heap before GC invocations=310 (full 3):
 PSYoungGen      total 3584K, used 3394K [0x00000000d5580000, 0x00000000d5a00000, 0x0000000100000000)
  eden space 2560K, 100% used [0x00000000d5580000,0x00000000d5800000,0x00000000d5800000)
  from space 1024K, 81% used [0x00000000d5900000,0x00000000d59d08e0,0x00000000d5a00000)
  to   space 1024K, 0% used [0x00000000d5800000,0x00000000d5800000,0x00000000d5900000)
 ParOldGen       total 391168K, used 390786K [0x0000000080000000, 0x0000000097e00000, 0x00000000d5580000)
  object space 391168K, 99% used [0x0000000080000000,0x0000000097da08c0,0x0000000097e00000)
 Metaspace       used 58861K, committed 60288K, reserved 1114112K
  class space    used 6282K, committed 6912K, reserved 1048576K
}
Event: 19.939 GC heap after
{Heap after GC invocations=310 (full 3):
 PSYoungGen      total 3584K, used 1024K [0x00000000d5580000, 0x00000000d5f80000, 0x0000000100000000)
  eden space 2560K, 0% used [0x00000000d5580000,0x00000000d5580000,0x00000000d5800000)
  from space 1024K, 100% used [0x00000000d5800000,0x00000000d5900000,0x00000000d5900000)
  to   space 3584K, 0% used [0x00000000d5c00000,0x00000000d5c00000,0x00000000d5f80000)
 ParOldGen       total 392704K, used 392644K [0x0000000080000000, 0x0000000097f80000, 0x00000000d5580000)
  object space 392704K, 99% used [0x0000000080000000,0x0000000097f711a0,0x0000000097f80000)
 Metaspace       used 58861K, committed 60288K, reserved 1114112K
  class space    used 6282K, committed 6912K, reserved 1048576K
}
Event: 31.091 GC heap before
{Heap before GC invocations=311 (full 3):
 PSYoungGen      total 3584K, used 3583K [0x00000000d5580000, 0x00000000d5f80000, 0x0000000100000000)
  eden space 2560K, 99% used [0x00000000d5580000,0x00000000d57ffff8,0x00000000d5800000)
  from space 1024K, 100% used [0x00000000d5800000,0x00000000d5900000,0x00000000d5900000)
  to   space 3584K, 0% used [0x00000000d5c00000,0x00000000d5c00000,0x00000000d5f80000)
 ParOldGen       total 392704K, used 392644K [0x0000000080000000, 0x0000000097f80000, 0x00000000d5580000)
  object space 392704K, 99% used [0x0000000080000000,0x0000000097f711a0,0x0000000097f80000)
 Metaspace       used 58906K, committed 60352K, reserved 1114112K
  class space    used 6283K, committed 6912K, reserved 1048576K
}
Event: 31.092 GC heap after
{Heap after GC invocations=311 (full 3):
 PSYoungGen      total 4096K, used 1488K [0x00000000d5580000, 0x00000000d5d80000, 0x0000000100000000)
  eden space 2560K, 0% used [0x00000000d5580000,0x00000000d5580000,0x00000000d5800000)
  from space 1536K, 96% used [0x00000000d5c00000,0x00000000d5d74030,0x00000000d5d80000)
  to   space 2048K, 0% used [0x00000000d5980000,0x00000000d5980000,0x00000000d5b80000)
 ParOldGen       total 393728K, used 393684K [0x0000000080000000, 0x0000000098080000, 0x00000000d5580000)
  object space 393728K, 99% used [0x0000000080000000,0x00000000980751a0,0x0000000098080000)
 Metaspace       used 58906K, committed 60352K, reserved 1114112K
  class space    used 6283K, committed 6912K, reserved 1048576K
}
Event: 311.488 GC heap before
{Heap before GC invocations=312 (full 3):
 PSYoungGen      total 4096K, used 4048K [0x00000000d5580000, 0x00000000d5d80000, 0x0000000100000000)
  eden space 2560K, 99% used [0x00000000d5580000,0x00000000d57ffff8,0x00000000d5800000)
  from space 1536K, 96% used [0x00000000d5c00000,0x00000000d5d74030,0x00000000d5d80000)
  to   space 2048K, 0% used [0x00000000d5980000,0x00000000d5980000,0x00000000d5b80000)
 ParOldGen       total 393728K, used 393684K [0x0000000080000000, 0x0000000098080000, 0x00000000d5580000)
  object space 393728K, 99% used [0x0000000080000000,0x00000000980751a0,0x0000000098080000)
 Metaspace       used 59121K, committed 60544K, reserved 1114112K
  class space    used 6294K, committed 6912K, reserved 1048576K
}
Event: 311.489 GC heap after
{Heap after GC invocations=312 (full 3):
 PSYoungGen      total 4608K, used 544K [0x00000000d5580000, 0x00000000d5c80000, 0x0000000100000000)
  eden space 2560K, 0% used [0x00000000d5580000,0x00000000d5580000,0x00000000d5800000)
  from space 2048K, 26% used [0x00000000d5980000,0x00000000d5a08000,0x00000000d5b80000)
  to   space 1024K, 0% used [0x00000000d5b80000,0x00000000d5b80000,0x00000000d5c80000)
 ParOldGen       total 394752K, used 394572K [0x0000000080000000, 0x0000000098180000, 0x00000000d5580000)
  object space 394752K, 99% used [0x0000000080000000,0x00000000981531a0,0x0000000098180000)
 Metaspace       used 59121K, committed 60544K, reserved 1114112K
  class space    used 6294K, committed 6912K, reserved 1048576K
}

Dll operation events (10 events):
Event: 0.095 Loaded shared library c:\Users\Admin\.vscode\extensions\redhat.java-1.55.0-win32-x64\jre\21.0.11-win32-x86_64\bin\java.dll
Event: 0.191 Loaded shared library c:\Users\Admin\.vscode\extensions\redhat.java-1.55.0-win32-x64\jre\21.0.11-win32-x86_64\bin\zip.dll
Event: 0.211 Loaded shared library C:\Users\Admin\.vscode\extensions\redhat.java-1.55.0-win32-x64\jre\21.0.11-win32-x86_64\bin\instrument.dll
Event: 0.259 Loaded shared library C:\Users\Admin\.vscode\extensions\redhat.java-1.55.0-win32-x64\jre\21.0.11-win32-x86_64\bin\net.dll
Event: 0.301 Loaded shared library C:\Users\Admin\.vscode\extensions\redhat.java-1.55.0-win32-x64\jre\21.0.11-win32-x86_64\bin\nio.dll
Event: 0.304 Loaded shared library C:\Users\Admin\.vscode\extensions\redhat.java-1.55.0-win32-x64\jre\21.0.11-win32-x86_64\bin\zip.dll
Event: 0.325 Loaded shared library C:\Users\Admin\.vscode\extensions\redhat.java-1.55.0-win32-x64\jre\21.0.11-win32-x86_64\bin\jimage.dll
Event: 0.415 Loaded shared library c:\Users\Admin\.vscode\extensions\redhat.java-1.55.0-win32-x64\jre\21.0.11-win32-x86_64\bin\verify.dll
Event: 5.277 Loaded shared library C:\Users\Admin\AppData\Roaming\Code\User\globalStorage\redhat.java\1.55.0\config_win\org.eclipse.equinox.launcher\org.eclipse.equinox.launcher.win32.win32.x86_64_1.3.100.v20260613-0559\eclipse_11924.dll
Event: 11.316 Loaded shared library C:\Users\Admin\AppData\Local\Temp\jna-63116079\jna17331362350111682772.dll

Deoptimization events (20 events):
Event: 311.912 Thread 0x000002e5e28934b0 DEOPT PACKING pc=0x000002e584e7505e sp=0x000000f5b15fe2d0
Event: 311.912 Thread 0x000002e5e28934b0 DEOPT UNPACKING pc=0x000002e58bad4242 sp=0x000000f5b15fd828 mode 0
Event: 311.912 Thread 0x000002e5e28934b0 DEOPT PACKING pc=0x000002e584e75300 sp=0x000000f5b15fe2d0
Event: 311.912 Thread 0x000002e5e28934b0 DEOPT UNPACKING pc=0x000002e58bad4242 sp=0x000000f5b15fd828 mode 0
Event: 311.912 Thread 0x000002e5e28934b0 DEOPT PACKING pc=0x000002e584e75300 sp=0x000000f5b15fe2d0
Event: 311.912 Thread 0x000002e5e28934b0 DEOPT UNPACKING pc=0x000002e58bad4242 sp=0x000000f5b15fd828 mode 0
Event: 311.913 Thread 0x000002e5e28934b0 DEOPT PACKING pc=0x000002e584e7505e sp=0x000000f5b15fe2d0
Event: 311.913 Thread 0x000002e5e28934b0 DEOPT UNPACKING pc=0x000002e58bad4242 sp=0x000000f5b15fd828 mode 0
Event: 311.913 Thread 0x000002e5e28934b0 DEOPT PACKING pc=0x000002e584e75300 sp=0x000000f5b15fe250
Event: 311.913 Thread 0x000002e5e28934b0 DEOPT UNPACKING pc=0x000002e58bad4242 sp=0x000000f5b15fd7a8 mode 0
Event: 311.913 Thread 0x000002e5e28934b0 DEOPT PACKING pc=0x000002e584e75300 sp=0x000000f5b15fe250
Event: 311.913 Thread 0x000002e5e28934b0 DEOPT UNPACKING pc=0x000002e58bad4242 sp=0x000000f5b15fd7a8 mode 0
Event: 311.913 Thread 0x000002e5e28934b0 DEOPT PACKING pc=0x000002e584e75300 sp=0x000000f5b15fe250
Event: 311.913 Thread 0x000002e5e28934b0 DEOPT UNPACKING pc=0x000002e58bad4242 sp=0x000000f5b15fd7a8 mode 0
Event: 311.919 Thread 0x000002e5e28934b0 Uncommon trap: trap_request=0xffffff45 fr.pc=0x000002e58c6627f0 relative=0x00000000000005f0
Event: 311.919 Thread 0x000002e5e28934b0 Uncommon trap: reason=unstable_if action=reinterpret pc=0x000002e58c6627f0 method=java.io.InputStream.read([BII)I @ 52 c2
Event: 311.919 Thread 0x000002e5e28934b0 DEOPT PACKING pc=0x000002e58c6627f0 sp=0x000000f5b15fea80
Event: 311.919 Thread 0x000002e5e28934b0 DEOPT UNPACKING pc=0x000002e58bad3aa2 sp=0x000000f5b15fea20 mode 2
Event: 311.919 Thread 0x000002e5e28934b0 DEOPT PACKING pc=0x000002e584ef6926 sp=0x000000f5b15feb60
Event: 311.919 Thread 0x000002e5e28934b0 DEOPT UNPACKING pc=0x000002e58bad4242 sp=0x000000f5b15fe050 mode 0

Classes loaded (20 events):
Event: 31.134 Loading class sun/util/resources/cldr/TimeZoneNames_en_US
Event: 31.134 Loading class sun/util/resources/cldr/TimeZoneNames_en_US done
Event: 31.135 Loading class sun/util/cldr/CLDRBaseLocaleDataMetaInfo$TZCanonicalIDMapHolder
Event: 31.137 Loading class sun/util/cldr/CLDRBaseLocaleDataMetaInfo$TZCanonicalIDMapHolder done
Event: 31.138 Loading class sun/util/cldr/CLDRTimeZoneNameProviderImpl$AVAILABLE_IDS
Event: 31.138 Loading class sun/util/cldr/CLDRTimeZoneNameProviderImpl$AVAILABLE_IDS done
Event: 31.139 Loading class sun/util/resources/TimeZoneNames
Event: 31.139 Loading class sun/util/resources/TimeZoneNames done
Event: 31.140 Loading class sun/util/resources/TimeZoneNames_en
Event: 31.140 Loading class sun/util/resources/TimeZoneNames_en done
Event: 311.881 Loading class java/util/stream/Nodes$CollectorTask$OfRef
Event: 311.882 Loading class java/util/stream/Nodes$CollectorTask
Event: 311.882 Loading class java/util/stream/Nodes$CollectorTask done
Event: 311.882 Loading class java/util/stream/Nodes$CollectorTask$OfRef done
Event: 311.883 Loading class java/util/function/LongFunction
Event: 311.883 Loading class java/util/function/LongFunction done
Event: 311.883 Loading class java/util/stream/Nodes$ConcNode
Event: 311.883 Loading class java/util/stream/Nodes$AbstractConcNode
Event: 311.883 Loading class java/util/stream/Nodes$AbstractConcNode done
Event: 311.883 Loading class java/util/stream/Nodes$ConcNode done

Classes unloaded (7 events):
Event: 11.700 Thread 0x000002e597b34be0 Unloading class 0x000002e5991acc00 'java/lang/invoke/LambdaForm$MH+0x000002e5991acc00'
Event: 11.700 Thread 0x000002e597b34be0 Unloading class 0x000002e5991ac800 'java/lang/invoke/LambdaForm$MH+0x000002e5991ac800'
Event: 11.700 Thread 0x000002e597b34be0 Unloading class 0x000002e5991ac400 'java/lang/invoke/LambdaForm$MH+0x000002e5991ac400'
Event: 11.700 Thread 0x000002e597b34be0 Unloading class 0x000002e5991ac000 'java/lang/invoke/LambdaForm$MH+0x000002e5991ac000'
Event: 11.700 Thread 0x000002e597b34be0 Unloading class 0x000002e5991abc00 'java/lang/invoke/LambdaForm$BMH+0x000002e5991abc00'
Event: 11.700 Thread 0x000002e597b34be0 Unloading class 0x000002e5991ab800 'java/lang/invoke/LambdaForm$DMH+0x000002e5991ab800'
Event: 11.700 Thread 0x000002e597b34be0 Unloading class 0x000002e5991aa400 'java/lang/invoke/LambdaForm$DMH+0x000002e5991aa400'

Classes redefined (0 events):
No events

Internal exceptions (20 events):
Event: 16.709 Thread 0x000002e5df5d6070 Exception <a 'sun/nio/fs/WindowsException'{0x00000000d5acb430}> (0x00000000d5acb430) 
thrown [s\src\hotspot\share\prims\jni.cpp, line 520]
Event: 16.710 Thread 0x000002e5df5d6070 Exception <a 'sun/nio/fs/WindowsException'{0x00000000d5b1ae70}> (0x00000000d5b1ae70) 
thrown [s\src\hotspot\share\prims\jni.cpp, line 520]
Event: 16.710 Thread 0x000002e5df5d6070 Exception <a 'sun/nio/fs/WindowsException'{0x00000000d5b1e580}> (0x00000000d5b1e580) 
thrown [s\src\hotspot\share\prims\jni.cpp, line 520]
Event: 16.711 Thread 0x000002e5df5d6070 Exception <a 'sun/nio/fs/WindowsException'{0x00000000d5b22b50}> (0x00000000d5b22b50) 
thrown [s\src\hotspot\share\prims\jni.cpp, line 520]
Event: 16.944 Thread 0x000002e5df5d6070 Exception <a 'sun/nio/fs/WindowsException'{0x00000000d569f348}> (0x00000000d569f348) 
thrown [s\src\hotspot\share\prims\jni.cpp, line 520]
Event: 16.945 Thread 0x000002e5df5d6070 Exception <a 'sun/nio/fs/WindowsException'{0x00000000d56f1808}> (0x00000000d56f1808) 
thrown [s\src\hotspot\share\prims\jni.cpp, line 520]
Event: 16.946 Thread 0x000002e5df5d6070 Exception <a 'sun/nio/fs/WindowsException'{0x00000000d5743f08}> (0x00000000d5743f08) 
thrown [s\src\hotspot\share\prims\jni.cpp, line 520]
Event: 16.946 Thread 0x000002e5df5d6070 Exception <a 'sun/nio/fs/WindowsException'{0x00000000d57793b0}> (0x00000000d57793b0) 
thrown [s\src\hotspot\share\prims\jni.cpp, line 520]
Event: 16.947 Thread 0x000002e5df5d6070 Exception <a 'sun/nio/fs/WindowsException'{0x00000000d57a3be0}> (0x00000000d57a3be0) 
thrown [s\src\hotspot\share\prims\jni.cpp, line 520]
Event: 16.948 Thread 0x000002e5df5d6070 Exception <a 'sun/nio/fs/WindowsException'{0x00000000d57f6650}> (0x00000000d57f6650) 
thrown [s\src\hotspot\share\prims\jni.cpp, line 520]
Event: 16.949 Thread 0x000002e5df5d6070 Exception <a 'sun/nio/fs/WindowsException'{0x00000000d5847f20}> (0x00000000d5847f20) 
thrown [s\src\hotspot\share\prims\jni.cpp, line 520]
Event: 16.972 Thread 0x000002e5e156bc20 Exception <a 'sun/nio/fs/WindowsException'{0x00000000d58d1970}> (0x00000000d58d1970) 
thrown [s\src\hotspot\share\prims\jni.cpp, line 520]
Event: 16.972 Thread 0x000002e5e156bc20 Exception <a 'sun/nio/fs/WindowsException'{0x00000000d58d2060}> (0x00000000d58d2060) 
thrown [s\src\hotspot\share\prims\jni.cpp, line 520]
Event: 16.972 Thread 0x000002e5e156bc20 Exception <a 'sun/nio/fs/WindowsException'{0x00000000d5922ca8}> (0x00000000d5922ca8) 
thrown [s\src\hotspot\share\prims\jni.cpp, line 520]
Event: 16.972 Thread 0x000002e5e156bc20 Exception <a 'sun/nio/fs/WindowsException'{0x00000000d59235d8}> (0x00000000d59235d8) 
thrown [s\src\hotspot\share\prims\jni.cpp, line 520]
Event: 16.974 Thread 0x000002e5e156bc20 Exception <a 'java/lang/IncompatibleClassChangeError'{0x00000000d5aa66f8}: Found class java.lang.Object, but interface was expected> (0x00000000d5aa66f8) 
thrown [s\src\hotspot\share\interpreter\linkResolver.cpp, line 840]
Event: 16.976 Thread 0x000002e5df5d8140 Exception <a 'sun/nio/fs/WindowsException'{0x00000000d5b16060}> (0x00000000d5b16060) 
thrown [s\src\hotspot\share\prims\jni.cpp, line 520]
Event: 19.811 Thread 0x000002e5df5d7420 Exception <a 'sun/nio/fs/WindowsException'{0x00000000d55e3c10}> (0x00000000d55e3c10) 
thrown [s\src\hotspot\share\prims\jni.cpp, line 520]
Event: 311.889 Thread 0x000002e5e28934b0 Implicit null exception at 0x000002e58c450886 to 0x000002e58c450b1c
Event: 311.899 Thread 0x000002e5e28934b0 Exception <a 'java/lang/NoSuchMethodError'{0x00000000d56e26f8}: 'java.lang.Object java.lang.invoke.DirectMethodHandle$Holder.newInvokeSpecial(java.lang.Object, java.lang.Object, java.lang.Object, java.lang.Object, java.lang.Object, java.lang.Object, java.lang.Object, java.lang.Object)'> (0x00000000d56e26f8) 
thrown [s\src\hotspot\share\interpreter\linkResolver.cpp, line 773]

ZGC Phase Switch (0 events):
No events

VM Operations (20 events):
Event: 312.920 Executing safepoint VM operation: Cleanup
Event: 312.920 Executing safepoint VM operation: Cleanup done
Event: 332.079 Executing safepoint VM operation: Cleanup
Event: 332.079 Executing safepoint VM operation: Cleanup done
Event: 361.016 Executing non-safepoint VM operation: HandshakeAllThreads (HandshakeForDeflation)
Event: 361.016 Executing non-safepoint VM operation: HandshakeAllThreads (HandshakeForDeflation) done
Event: 361.016 Executing non-safepoint VM operation: RendezvousGCThreads
Event: 361.016 Executing non-safepoint VM operation: RendezvousGCThreads done
Event: 421.227 Executing non-safepoint VM operation: HandshakeAllThreads (HandshakeForDeflation)
Event: 421.227 Executing non-safepoint VM operation: HandshakeAllThreads (HandshakeForDeflation) done
Event: 421.227 Executing non-safepoint VM operation: RendezvousGCThreads
Event: 421.227 Executing non-safepoint VM operation: RendezvousGCThreads done
Event: 481.382 Executing non-safepoint VM operation: HandshakeAllThreads (HandshakeForDeflation)
Event: 481.382 Executing non-safepoint VM operation: HandshakeAllThreads (HandshakeForDeflation) done
Event: 481.382 Executing non-safepoint VM operation: RendezvousGCThreads
Event: 481.382 Executing non-safepoint VM operation: RendezvousGCThreads done
Event: 541.516 Executing non-safepoint VM operation: HandshakeAllThreads (HandshakeForDeflation)
Event: 541.517 Executing non-safepoint VM operation: HandshakeAllThreads (HandshakeForDeflation) done
Event: 541.517 Executing non-safepoint VM operation: RendezvousGCThreads
Event: 541.517 Executing non-safepoint VM operation: RendezvousGCThreads done

Memory protections (0 events):
No events

Nmethod flushes (20 events):
Event: 17.070 Thread 0x000002e597b34be0 flushing  nmethod 0x000002e584d6aa90
Event: 17.070 Thread 0x000002e597b34be0 flushing  nmethod 0x000002e584d74490
Event: 17.070 Thread 0x000002e597b34be0 flushing osr nmethod 0x000002e584dbb990
Event: 17.070 Thread 0x000002e597b34be0 flushing  nmethod 0x000002e584dc9590
Event: 17.070 Thread 0x000002e597b34be0 flushing  nmethod 0x000002e584dd7310
Event: 17.070 Thread 0x000002e597b34be0 flushing  nmethod 0x000002e584dd8390
Event: 17.070 Thread 0x000002e597b34be0 flushing  nmethod 0x000002e584dd9990
Event: 17.070 Thread 0x000002e597b34be0 flushing  nmethod 0x000002e584dde010
Event: 17.070 Thread 0x000002e597b34be0 flushing  nmethod 0x000002e584de4f10
Event: 17.070 Thread 0x000002e597b34be0 flushing  nmethod 0x000002e584df2f90
Event: 17.070 Thread 0x000002e597b34be0 flushing  nmethod 0x000002e584e01b90
Event: 17.070 Thread 0x000002e597b34be0 flushing  nmethod 0x000002e584e17990
Event: 17.070 Thread 0x000002e597b34be0 flushing  nmethod 0x000002e584e1c590
Event: 17.070 Thread 0x000002e597b34be0 flushing  nmethod 0x000002e584e1d290
Event: 17.070 Thread 0x000002e597b34be0 flushing  nmethod 0x000002e584e1d710
Event: 17.070 Thread 0x000002e597b34be0 flushing  nmethod 0x000002e584e20d90
Event: 17.070 Thread 0x000002e597b34be0 flushing  nmethod 0x000002e584e5bc90
Event: 17.070 Thread 0x000002e597b34be0 flushing  nmethod 0x000002e584e72910
Event: 17.070 Thread 0x000002e597b34be0 flushing  nmethod 0x000002e584eb7b10
Event: 17.070 Thread 0x000002e597b34be0 flushing  nmethod 0x000002e584eb7e90

Events (20 events):
Event: 314.056 Thread 0x000002e5e185fdc0 Thread exited: 0x000002e5e185fdc0
Event: 314.056 Thread 0x000002e5e185c940 Thread exited: 0x000002e5e185c940
Event: 314.056 Thread 0x000002e5e185f730 Thread exited: 0x000002e5e185f730
Event: 314.062 Thread 0x000002e5e185f0a0 Thread exited: 0x000002e5e185f0a0
Event: 314.071 Thread 0x000002e5e1860450 Thread exited: 0x000002e5e1860450
Event: 314.509 Thread 0x000002e5e1861e90 Thread exited: 0x000002e5e1861e90
Event: 314.525 Thread 0x000002e5e2891a70 Thread exited: 0x000002e5e2891a70
Event: 314.540 Thread 0x000002e5e1863240 Thread exited: 0x000002e5e1863240
Event: 314.541 Thread 0x000002e5e1862bb0 Thread exited: 0x000002e5e1862bb0
Event: 314.541 Thread 0x000002e5e1862520 Thread exited: 0x000002e5e1862520
Event: 314.557 Thread 0x000002e5e18638d0 Thread exited: 0x000002e5e18638d0
Event: 314.557 Thread 0x000002e5e288f310 Thread exited: 0x000002e5e288f310
Event: 314.572 Thread 0x000002e5e288f9a0 Thread exited: 0x000002e5e288f9a0
Event: 314.588 Thread 0x000002e5e28906c0 Thread exited: 0x000002e5e28906c0
Event: 314.588 Thread 0x000002e5e2890030 Thread exited: 0x000002e5e2890030
Event: 319.948 Thread 0x000002e5e2895580 Thread exited: 0x000002e5e2895580
Event: 373.311 Thread 0x000002e5e1571e90 Thread exited: 0x000002e5e1571e90
Event: 433.320 Thread 0x000002e5e1571170 Thread exited: 0x000002e5e1571170
Event: 493.333 Thread 0x000002e5e156fdc0 Thread exited: 0x000002e5e156fdc0
Event: 553.347 Thread 0x000002e5e156ea10 Thread exited: 0x000002e5e156ea10


Dynamic libraries:
0x00007ff776a10000 - 0x00007ff776a1e000 	c:\Users\Admin\.vscode\extensions\redhat.java-1.55.0-win32-x64\jre\21.0.11-win32-x86_64\bin\java.exe
0x00007ff9383e0000 - 0x00007ff938646000 	C:\WINDOWS\SYSTEM32\ntdll.dll
0x00007ff936790000 - 0x00007ff936859000 	C:\WINDOWS\System32\KERNEL32.DLL
0x00007ff935600000 - 0x00007ff935a00000 	C:\WINDOWS\System32\KERNELBASE.dll
0x00007ff935ac0000 - 0x00007ff935c0c000 	C:\WINDOWS\System32\ucrtbase.dll
0x00007ff91f520000 - 0x00007ff91f53e000 	c:\Users\Admin\.vscode\extensions\redhat.java-1.55.0-win32-x64\jre\21.0.11-win32-x86_64\bin\VCRUNTIME140.dll
0x00007ff91b4a0000 - 0x00007ff91b4b8000 	c:\Users\Admin\.vscode\extensions\redhat.java-1.55.0-win32-x64\jre\21.0.11-win32-x86_64\bin\jli.dll
0x00007ff9362a0000 - 0x00007ff936467000 	C:\WINDOWS\System32\USER32.dll
0x00007ff917750000 - 0x00007ff9179e2000 	C:\WINDOWS\WinSxS\amd64_microsoft.windows.common-controls_6595b64144ccf1df_6.0.26100.8737_none_3e092eaee333b772\COMCTL32.dll
0x00007ff936050000 - 0x00007ff936077000 	C:\WINDOWS\System32\win32u.dll
0x00007ff936c20000 - 0x00007ff936cc9000 	C:\WINDOWS\System32\msvcrt.dll
0x00007ff937540000 - 0x00007ff93756b000 	C:\WINDOWS\System32\GDI32.dll
0x00007ff935da0000 - 0x00007ff935ec9000 	C:\WINDOWS\System32\gdi32full.dll
0x00007ff935a10000 - 0x00007ff935ab3000 	C:\WINDOWS\System32\msvcp_win.dll
0x00007ff936a40000 - 0x00007ff936a72000 	C:\WINDOWS\System32\IMM32.DLL
0x00007ff9305b0000 - 0x00007ff9305bc000 	c:\Users\Admin\.vscode\extensions\redhat.java-1.55.0-win32-x64\jre\21.0.11-win32-x86_64\bin\vcruntime140_1.dll
0x00007ff913d30000 - 0x00007ff913dbd000 	c:\Users\Admin\.vscode\extensions\redhat.java-1.55.0-win32-x64\jre\21.0.11-win32-x86_64\bin\msvcp140.dll
0x00007ff856d90000 - 0x00007ff857b32000 	c:\Users\Admin\.vscode\extensions\redhat.java-1.55.0-win32-x64\jre\21.0.11-win32-x86_64\bin\server\jvm.dll
0x00007ff936490000 - 0x00007ff936547000 	C:\WINDOWS\System32\ADVAPI32.dll
0x00007ff937490000 - 0x00007ff93753a000 	C:\WINDOWS\System32\sechost.dll
0x00007ff936180000 - 0x00007ff936298000 	C:\WINDOWS\System32\RPCRT4.dll
0x00007ff936d80000 - 0x00007ff936e00000 	C:\WINDOWS\System32\WS2_32.dll
0x00007ff935460000 - 0x00007ff9354be000 	C:\WINDOWS\SYSTEM32\POWRPROF.dll
0x00007ff92fda0000 - 0x00007ff92fdab000 	C:\WINDOWS\SYSTEM32\VERSION.dll
0x00007ff92a570000 - 0x00007ff92a5a6000 	C:\WINDOWS\SYSTEM32\WINMM.dll
0x00007ff935440000 - 0x00007ff935454000 	C:\WINDOWS\SYSTEM32\UMPDC.dll
0x00007ff9342a0000 - 0x00007ff9342bb000 	C:\WINDOWS\SYSTEM32\kernel.appcore.dll
0x00007ff930320000 - 0x00007ff93032a000 	c:\Users\Admin\.vscode\extensions\redhat.java-1.55.0-win32-x64\jre\21.0.11-win32-x86_64\bin\jimage.dll
0x00007ff9204c0000 - 0x00007ff920702000 	C:\WINDOWS\SYSTEM32\DBGHELP.DLL
0x00007ff936e10000 - 0x00007ff937193000 	C:\WINDOWS\System32\combase.dll
0x00007ff936b40000 - 0x00007ff936c19000 	C:\WINDOWS\System32\OLEAUT32.dll
0x00007ff90fb10000 - 0x00007ff90fb4b000 	C:\WINDOWS\SYSTEM32\dbgcore.DLL
0x00007ff935f90000 - 0x00007ff93603c000 	C:\WINDOWS\System32\bcryptPrimitives.dll
0x00007ff92fd70000 - 0x00007ff92fd7f000 	c:\Users\Admin\.vscode\extensions\redhat.java-1.55.0-win32-x64\jre\21.0.11-win32-x86_64\bin\instrument.dll
0x00007ff919e90000 - 0x00007ff919eb0000 	c:\Users\Admin\.vscode\extensions\redhat.java-1.55.0-win32-x64\jre\21.0.11-win32-x86_64\bin\java.dll
0x00007ff937ba0000 - 0x00007ff938332000 	C:\WINDOWS\System32\SHELL32.dll
0x00007ff933080000 - 0x00007ff933912000 	C:\WINDOWS\SYSTEM32\windows.storage.dll
0x00007ff937390000 - 0x00007ff937487000 	C:\WINDOWS\System32\SHCORE.dll
0x00007ff936110000 - 0x00007ff936177000 	C:\WINDOWS\System32\shlwapi.dll
0x00007ff935520000 - 0x00007ff935549000 	C:\WINDOWS\SYSTEM32\profapi.dll
0x00007ff914c80000 - 0x00007ff914c98000 	c:\Users\Admin\.vscode\extensions\redhat.java-1.55.0-win32-x64\jre\21.0.11-win32-x86_64\bin\zip.dll
0x00007ff91a810000 - 0x00007ff91a820000 	C:\Users\Admin\.vscode\extensions\redhat.java-1.55.0-win32-x64\jre\21.0.11-win32-x86_64\bin\net.dll
0x00007ff92ed90000 - 0x00007ff92eeb9000 	C:\WINDOWS\SYSTEM32\WINHTTP.dll
0x00007ff934830000 - 0x00007ff93489c000 	C:\WINDOWS\system32\mswsock.dll
0x00007ff917110000 - 0x00007ff917126000 	C:\Users\Admin\.vscode\extensions\redhat.java-1.55.0-win32-x64\jre\21.0.11-win32-x86_64\bin\nio.dll
0x00007ff917f70000 - 0x00007ff917f80000 	c:\Users\Admin\.vscode\extensions\redhat.java-1.55.0-win32-x64\jre\21.0.11-win32-x86_64\bin\verify.dll
0x00007ff910f60000 - 0x00007ff910fa5000 	C:\Users\Admin\AppData\Roaming\Code\User\globalStorage\redhat.java\1.55.0\config_win\org.eclipse.equinox.launcher\org.eclipse.equinox.launcher.win32.win32.x86_64_1.3.100.v20260613-0559\eclipse_11924.dll
0x00007ff937a00000 - 0x00007ff937b99000 	C:\WINDOWS\System32\ole32.dll
0x00007ff934c60000 - 0x00007ff934c7b000 	C:\WINDOWS\SYSTEM32\CRYPTSP.dll
0x00007ff934200000 - 0x00007ff934239000 	C:\WINDOWS\system32\rsaenh.dll
0x00007ff9348f0000 - 0x00007ff934922000 	C:\WINDOWS\SYSTEM32\USERENV.dll
0x00007ff9354f0000 - 0x00007ff93551a000 	C:\WINDOWS\SYSTEM32\bcrypt.dll
0x00007ff934aa0000 - 0x00007ff934aac000 	C:\WINDOWS\SYSTEM32\CRYPTBASE.dll
0x00007ff933c50000 - 0x00007ff933c83000 	C:\WINDOWS\SYSTEM32\IPHLPAPI.DLL
0x00007ff936ce0000 - 0x00007ff936cea000 	C:\WINDOWS\System32\NSI.dll
0x00007ff910090000 - 0x00007ff9100d9000 	C:\Users\Admin\AppData\Local\Temp\jna-63116079\jna17331362350111682772.dll
0x00007ff936cd0000 - 0x00007ff936cd8000 	C:\WINDOWS\System32\PSAPI.DLL
0x00007ff92eb80000 - 0x00007ff92eb9d000 	C:\WINDOWS\SYSTEM32\dhcpcsvc6.DLL
0x00007ff92eb50000 - 0x00007ff92eb75000 	C:\WINDOWS\SYSTEM32\dhcpcsvc.DLL

JVMTI agents:
c:\Users\Admin\.vscode\extensions\redhat.java-1.55.0-win32-x64\lombok\lombok-1.18.39-4050.jar path:c:\Users\Admin\.vscode\extensions\redhat.java-1.55.0-win32-x64\jre\21.0.11-win32-x86_64\bin\instrument.dll, loaded, initialized, instrumentlib options:none

dbghelp: loaded successfully - version: 4.0.5 - missing functions: none
symbol engine: initialized successfully - sym options: 0x614 - pdb path: .;c:\Users\Admin\.vscode\extensions\redhat.java-1.55.0-win32-x64\jre\21.0.11-win32-x86_64\bin;C:\WINDOWS\SYSTEM32;C:\WINDOWS\WinSxS\amd64_microsoft.windows.common-controls_6595b64144ccf1df_6.0.26100.8737_none_3e092eaee333b772;c:\Users\Admin\.vscode\extensions\redhat.java-1.55.0-win32-x64\jre\21.0.11-win32-x86_64\bin\server;C:\Users\Admin\AppData\Roaming\Code\User\globalStorage\redhat.java\1.55.0\config_win\org.eclipse.equinox.launcher\org.eclipse.equinox.launcher.win32.win32.x86_64_1.3.100.v20260613-0559;C:\Users\Admin\AppData\Local\Temp\jna-63116079

VM Arguments:
jvm_args: --add-modules=ALL-SYSTEM --add-opens=java.base/java.util=ALL-UNNAMED --add-opens=java.base/java.lang=ALL-UNNAMED --add-opens=java.base/sun.nio.fs=ALL-UNNAMED -Declipse.application=org.eclipse.jdt.ls.core.id1 -Dosgi.bundles.defaultStartLevel=4 -Declipse.product=org.eclipse.jdt.ls.core.product -Djava.import.generatesMetadataFilesAtProjectRoot=false -DDetectVMInstallationsJob.disabled=true -Dfile.encoding=utf8 -XX:+UseParallelGC -XX:GCTimeRatio=4 -XX:AdaptiveSizePolicyWeight=90 -Dsun.zip.disableMemoryMapping=true -Xmx2G -Xms100m -Xlog:disable -javaagent:c:\Users\Admin\.vscode\extensions\redhat.java-1.55.0-win32-x64\lombok\lombok-1.18.39-4050.jar -XX:+HeapDumpOnOutOfMemoryError -XX:HeapDumpPath=c:\Users\Admin\AppData\Roaming\Code\User\workspaceStorage\de20c017bd84e05f74bc0d483a7a73d7\redhat.java -Daether.dependencyCollector.impl=bf 
java_command: c:\Users\Admin\.vscode\extensions\redhat.java-1.55.0-win32-x64\server\plugins\org.eclipse.equinox.launcher_1.7.200.v20260619-2039.jar -configuration c:\Users\Admin\AppData\Roaming\Code\User\globalStorage\redhat.java\1.55.0\config_win -data c:\Users\Admin\AppData\Roaming\Code\User\workspaceStorage\de20c017bd84e05f74bc0d483a7a73d7\redhat.java\jdt_ws --pipe=\\.\pipe\lsp-25b114c7a178162dcf7834c062e096b6-sock
java_class_path (initial): c:\Users\Admin\.vscode\extensions\redhat.java-1.55.0-win32-x64\server\plugins\org.eclipse.equinox.launcher_1.7.200.v20260619-2039.jar
Launcher Type: SUN_STANDARD

[Global flags]
    uintx AdaptiveSizePolicyWeight                 = 90                                        {product} {command line}
     intx CICompilerCount                          = 4                                         {product} {ergonomic}
    uintx GCTimeRatio                              = 4                                         {product} {command line}
     bool HeapDumpOnOutOfMemoryError               = true                                   {manageable} {command line}
    ccstr HeapDumpPath                             = c:\Users\Admin\AppData\Roaming\Code\User\workspaceStorage\de20c017bd84e05f74bc0d483a7a73d7\redhat.java         {manageable} {command line}
   size_t InitialHeapSize                          = 104857600                                 {product} {command line}
   size_t MaxHeapSize                              = 2147483648                                {product} {command line}
   size_t MaxNewSize                               = 715653120                                 {product} {ergonomic}
   size_t MinHeapDeltaBytes                        = 524288                                    {product} {ergonomic}
   size_t MinHeapSize                              = 104857600                                 {product} {command line}
   size_t NewSize                                  = 34603008                                  {product} {ergonomic}
    uintx NonNMethodCodeHeapSize                   = 5839372                                {pd product} {ergonomic}
    uintx NonProfiledCodeHeapSize                  = 122909434                              {pd product} {ergonomic}
   size_t OldSize                                  = 70254592                                  {product} {ergonomic}
    uintx ProfiledCodeHeapSize                     = 122909434                              {pd product} {ergonomic}
    uintx ReservedCodeCacheSize                    = 251658240                              {pd product} {ergonomic}
     bool SegmentedCodeCache                       = true                                      {product} {ergonomic}
   size_t SoftMaxHeapSize                          = 2147483648                             {manageable} {ergonomic}
     bool UseCompressedOops                        = true                           {product lp64_product} {ergonomic}
     bool UseLargePagesIndividualAllocation        = false                                  {pd product} {ergonomic}
     bool UseParallelGC                            = true                                      {product} {command line}

Logging:
Log output configuration:
 #0: stdout all=off uptime,level,tags foldmultilines=false
 #1: stderr all=off uptime,level,tags foldmultilines=false

Release file:
JAVA_VERSION="21.0.11" 
MODULES="java.base java.compiler java.datatransfer java.xml java.prefs java.desktop java.instrument java.logging java.management java.security.sasl java.naming java.rmi java.management.rmi java.net.http java.scripting java.security.jgss java.transaction.xa java.sql java.sql.rowset java.xml.crypto java.se java.smartcardio jdk.accessibility jdk.internal.jvmstat jdk.attach jdk.charsets jdk.internal.opt jdk.zipfs jdk.compiler jdk.crypto.ec jdk.crypto.cryptoki jdk.crypto.mscapi jdk.dynalink jdk.internal.ed jdk.editpad jdk.hotspot.agent jdk.httpserver jdk.internal.le jdk.internal.vm.ci jdk.internal.vm.compiler jdk.internal.vm.compiler.management jdk.jartool jdk.javadoc jdk.jcmd jdk.management jdk.management.agent jdk.jconsole jdk.jdeps jdk.jdwp.agent jdk.jdi jdk.jfr jdk.jshell jdk.jsobject jdk.jstatd jdk.localedata jdk.management.jfr jdk.naming.dns jdk.naming.rmi jdk.net jdk.nio.mapmode jdk.random jdk.sctp jdk.security.auth jdk.security.jgss jdk.unsupported jdk.unsupported.desktop jdk.xml.dom" 

Environment Variables:
JAVA_HOME=C:\Program Files\Microsoft\jdk-17.0.19.10-hotspot\
PATH=C:\Program Files\Microsoft\jdk-17.0.19.10-hotspot\bin;C:\Python314\Scripts\;C:\Python314\;C:\Python313\Scripts\;C:\Python313\;C:\WINDOWS\system32;C:\WINDOWS;C:\WINDOWS\System32\Wbem;C:\WINDOWS\System32\WindowsPowerShell\v1.0\;C:\WINDOWS\System32\OpenSSH\;C:\Program Files\NVIDIA Corporation\NVIDIA App\NvDLISR;D:\files hoc tap\L?p tr髶h web n滱g cao\NodeJS;C:\Users\Admin\AppData\Roaming\npm;C:\ProgramData\chocolatey\bin;D:\Cursor\cursor\resources\app\bin;D:\Git\Git\cmd;C:\Program Files\Cloudflare\Cloudflare WARP\;D:\nodejs\;C:\Python314\Scripts\;C:\Python314\;C:\Python313\Scripts\;C:\Python313\;C:\WINDOWS\system32;C:\WINDOWS;C:\WINDOWS\System32\Wbem;C:\WINDOWS\System32\WindowsPowerShell\v1.0\;C:\WINDOWS\System32\OpenSSH\;C:\Program Files\NVIDIA Corporation\NVIDIA App\NvDLISR;D:\files hoc tap\L?p tr髶h web n滱g cao\NodeJS;C:\WINDOWS\system32\config\systemprofile\AppData\Roaming\npm;C:\ProgramData\chocolatey\bin;C:\Program Files (x86)\NVIDIA Corporation\PhysX\Common;D:\Git\Git\cmd;D:\files hoc tap\node js\;C:\Python313\Scripts\;C:\Python313\;C:\WINDOWS\system32;C:\WINDOWS;C:\WINDOWS\System32\Wbem;C:\WINDOWS\System32\WindowsPowerShell\v1.0\;C:\WINDOWS\System32\OpenSSH\;C:\Program Files\NVIDIA Corporation\NVIDIA App\NvDLISR;D:\files hoc tap\L?p tr髶h web n滱g cao\NodeJS;C:\ProgramData\chocolatey\bin;C:\Program Files (x86)\NVIDIA Corporation\PhysX\Common;D:\Git\Git\cmd;C:\Users\Admin\AppData\Local\Microsoft\WindowsApps;D:\files hoc tap\Visual Studio\Microsoft VS Code\bin;c:\Users\Admin\.cursor\extensions\ms-python.debugpy-2025.18.0-win32-x64\bundled\scripts\noConfigScripts;D:\files hoc tap\node js;c:\Users\Admin\.cursor\extensions\ms-python.debugpy-2026.6.0-win32-x64\bundled\scripts\noConfigScripts;C:\Program Files\Docker\Docker\resources\bin;C:\Program Files\Docker\Docker\resources\bin;C:\Users\Admin\AppData\Roaming\npm
USERNAME=Admin
OS=Windows_NT
PROCESSOR_IDENTIFIER=AMD64 Family 25 Model 33 Stepping 2, AuthenticAMD
TMP=C:\Users\Admin\AppData\Local\Temp
TEMP=C:\Users\Admin\AppData\Local\Temp




Periodic native trim disabled

---------------  S Y S T E M  ---------------

OS:
 Windows 11 , 64 bit Build 26100 (10.0.26100.8737)
OS uptime: 0 days 23:36 hours
Hyper-V role detected

CPU: total 12 (initial active 12) (12 cores per cpu, 2 threads per core) family 25 model 33 stepping 2 microcode 0xa201213, cx8, cmov, fxsr, ht, mmx, 3dnowpref, sse, sse2, sse3, ssse3, sse4a, sse4.1, sse4.2, popcnt, lzcnt, tsc, tscinvbit, avx, avx2, aes, clmul, bmi1, bmi2, adx, sha, fma, vzeroupper, clflush, clflushopt, hv, rdtscp, rdpid, f16c, cet_ss
Processor Information for the first 12 processors :
  Max Mhz: 3501, Current Mhz: 3501, Mhz Limit: 3501

Memory: 4k page, system-wide physical 16309M (1082M free)
TotalPageFile size 31463M (AvailPageFile size 12M)
current process WorkingSet (physical memory assigned to process): 694M, peak: 807M
current process commit charge ("private bytes"): 649M, peak: 768M

vm_info: OpenJDK 64-Bit Server VM (21.0.11+10-LTS) for windows-amd64 JRE (21.0.11+10-LTS), built on 2026-04-21T00:00:00Z by "admin" with MS VC++ 17.12 (VS2022)

END.
